{"@timestamp":"2026-06-19T14:18:58.829849058Z","@version":"1","message":"Starting SubcripcionesApplication v0.0.1-SNAPSHOT using Java 21.0.11 with PID 1 (/app/app.jar started by root in /app)","logger_name":"com.subscripciones.subcripciones.SubcripcionesApplication","thread_name":"main","level":"INFO","level_value":20000,"tags":["COMMONS-LOGGING"]}
{"@timestamp":"2026-06-19T14:18:58.865886852Z","@version":"1","message":"No active profile set, falling back to 1 default profile: \"default\"","logger_name":"com.subscripciones.subcripciones.SubcripcionesApplication","thread_name":"main","level":"INFO","level_value":20000,"tags":["COMMONS-LOGGING"]}
{"@timestamp":"2026-06-19T14:19:00.887123184Z","@version":"1","message":"Tomcat initialized with port 8080 (http)","logger_name":"org.springframework.boot.tomcat.TomcatWebServer","thread_name":"main","level":"INFO","level_value":20000,"tags":["COMMONS-LOGGING"]}
{"@timestamp":"2026-06-19T14:19:00.901472752Z","@version":"1","message":"Initializing ProtocolHandler [\"http-nio-8080\"]","logger_name":"org.apache.coyote.http11.Http11NioProtocol","thread_name":"main","level":"INFO","level_value":20000}
{"@timestamp":"2026-06-19T14:19:00.904268522Z","@version":"1","message":"Starting service [Tomcat]","logger_name":"org.apache.catalina.core.StandardService","thread_name":"main","level":"INFO","level_value":20000}
{"@timestamp":"2026-06-19T14:19:00.905490174Z","@version":"1","message":"Starting Servlet engine: [Apache Tomcat/11.0.18]","logger_name":"org.apache.catalina.core.StandardEngine","thread_name":"main","level":"INFO","level_value":20000}
{"@timestamp":"2026-06-19T14:19:00.945266427Z","@version":"1","message":"Root WebApplicationContext: initialization completed in 1896 ms","logger_name":"org.springframework.boot.web.context.servlet.WebApplicationContextInitializer","thread_name":"main","level":"INFO","level_value":20000,"tags":["COMMONS-LOGGING"]}
{"@timestamp":"2026-06-19T14:19:02.052061767Z","@version":"1","message":"Exposing 1 endpoint beneath base path '/actuator'","logger_name":"org.springframework.boot.actuate.endpoint.web.EndpointLinksResolver","thread_name":"main","level":"INFO","level_value":20000,"tags":["COMMONS-LOGGING"]}
{"@timestamp":"2026-06-19T14:19:02.124635487Z","@version":"1","message":"Starting ProtocolHandler [\"http-nio-8080\"]","logger_name":"org.apache.coyote.http11.Http11NioProtocol","thread_name":"main","level":"INFO","level_value":20000}
{"@timestamp":"2026-06-19T14:19:02.148117941Z","@version":"1","message":"Tomcat started on port 8080 (http) with context path '/'","logger_name":"org.springframework.boot.tomcat.TomcatWebServer","thread_name":"main","level":"INFO","level_value":20000,"tags":["COMMONS-LOGGING"]}
{"@timestamp":"2026-06-19T14:19:02.165226354Z","@version":"1","message":"Started SubcripcionesApplication in 5.158 seconds (process running for 6.483)","logger_name":"com.subscripciones.subcripciones.SubcripcionesApplication","thread_name":"main","level":"INFO","level_value":20000,"tags":["COMMONS-LOGGING"]}
{"@timestamp":"2026-06-19T14:19:26.000588796Z","@version":"1","message":"Initializing Spring DispatcherServlet 'dispatcherServlet'","logger_name":"org.apache.catalina.core.ContainerBase.[Tomcat].[localhost].[/]","thread_name":"http-nio-8080-exec-1","level":"INFO","level_value":20000}
{"@timestamp":"2026-06-19T14:19:26.001876291Z","@version":"1","message":"Initializing Servlet 'dispatcherServlet'","logger_name":"org.springframework.web.servlet.DispatcherServlet","thread_name":"http-nio-8080-exec-1","level":"INFO","level_value":20000,"tags":["COMMONS-LOGGING"]}
{"@timestamp":"2026-06-19T14:19:26.006930295Z","@version":"1","message":"Completed initialization in 4 ms","logger_name":"org.springframework.web.servlet.DispatcherServlet","thread_name":"http-nio-8080-exec-1","level":"INFO","level_value":20000,"tags":["COMMONS-LOGGING"]}
{"@timestamp":"2026-06-19T14:21:35.195369243Z","@version":"1","message":"Commencing graceful shutdown. Waiting for active requests to complete","logger_name":"org.springframework.boot.tomcat.GracefulShutdown","thread_name":"SpringApplicationShutdownHook","level":"INFO","level_value":20000,"tags":["COMMONS-LOGGING"]}
{"@timestamp":"2026-06-19T14:21:35.210900297Z","@version":"1","message":"Graceful shutdown complete","logger_name":"org.springframework.boot.tomcat.GracefulShutdown","thread_name":"tomcat-shutdown","level":"INFO","level_value":20000,"tags":["COMMONS-LOGGING"]}
{"@timestamp":"2026-06-19T14:21:48.435620692Z","@version":"1","message":"Starting SubcripcionesApplication v0.0.1-SNAPSHOT using Java 21.0.11 with PID 1 (/app/app.jar started by root in /app)","logger_name":"com.subscripciones.subcripciones.SubcripcionesApplication","thread_name":"main","level":"INFO","level_value":20000,"tags":["COMMONS-LOGGING"]}
{"@timestamp":"2026-06-19T14:21:48.461856459Z","@version":"1","message":"No active profile set, falling back to 1 default profile: \"default\"","logger_name":"com.subscripciones.subcripciones.SubcripcionesApplication","thread_name":"main","level":"INFO","level_value":20000,"tags":["COMMONS-LOGGING"]}
{"@timestamp":"2026-06-19T14:21:50.470998022Z","@version":"1","message":"Tomcat initialized with port 8080 (http)","logger_name":"org.springframework.boot.tomcat.TomcatWebServer","thread_name":"main","level":"INFO","level_value":20000,"tags":["COMMONS-LOGGING"]}
{"@timestamp":"2026-06-19T14:21:50.493658978Z","@version":"1","message":"Initializing ProtocolHandler [\"http-nio-8080\"]","logger_name":"org.apache.coyote.http11.Http11NioProtocol","thread_name":"main","level":"INFO","level_value":20000}
{"@timestamp":"2026-06-19T14:21:50.497161469Z","@version":"1","message":"Starting service [Tomcat]","logger_name":"org.apache.catalina.core.StandardService","thread_name":"main","level":"INFO","level_value":20000}
{"@timestamp":"2026-06-19T14:21:50.498499997Z","@version":"1","message":"Starting Servlet engine: [Apache Tomcat/11.0.18]","logger_name":"org.apache.catalina.core.StandardEngine","thread_name":"main","level":"INFO","level_value":20000}
{"@timestamp":"2026-06-19T14:21:50.556834878Z","@version":"1","message":"Root WebApplicationContext: initialization completed in 1999 ms","logger_name":"org.springframework.boot.web.context.servlet.WebApplicationContextInitializer","thread_name":"main","level":"INFO","level_value":20000,"tags":["COMMONS-LOGGING"]}
{"@timestamp":"2026-06-19T14:21:51.837060556Z","@version":"1","message":"Exposing 1 endpoint beneath base path '/actuator'","logger_name":"org.springframework.boot.actuate.endpoint.web.EndpointLinksResolver","thread_name":"main","level":"INFO","level_value":20000,"tags":["COMMONS-LOGGING"]}
{"@timestamp":"2026-06-19T14:21:51.937588739Z","@version":"1","message":"Starting ProtocolHandler [\"http-nio-8080\"]","logger_name":"org.apache.coyote.http11.Http11NioProtocol","thread_name":"main","level":"INFO","level_value":20000}
{"@timestamp":"2026-06-19T14:21:51.97605268Z","@version":"1","message":"Tomcat started on port 8080 (http) with context path '/'","logger_name":"org.springframework.boot.tomcat.TomcatWebServer","thread_name":"main","level":"INFO","level_value":20000,"tags":["COMMONS-LOGGING"]}
{"@timestamp":"2026-06-19T14:21:51.989691424Z","@version":"1","message":"Started SubcripcionesApplication in 5.455 seconds (process running for 7.265)","logger_name":"com.subscripciones.subcripciones.SubcripcionesApplication","thread_name":"main","level":"INFO","level_value":20000,"tags":["COMMONS-LOGGING"]}
{"@timestamp":"2026-06-19T14:22:00.199862807Z","@version":"1","message":"Initializing Spring DispatcherServlet 'dispatcherServlet'","logger_name":"org.apache.catalina.core.ContainerBase.[Tomcat].[localhost].[/]","thread_name":"http-nio-8080-exec-1","level":"INFO","level_value":20000}
{"@timestamp":"2026-06-19T14:22:00.200948647Z","@version":"1","message":"Initializing Servlet 'dispatcherServlet'","logger_name":"org.springframework.web.servlet.DispatcherServlet","thread_name":"http-nio-8080-exec-1","level":"INFO","level_value":20000,"tags":["COMMONS-LOGGING"]}
{"@timestamp":"2026-06-19T14:22:00.203379769Z","@version":"1","message":"Completed initialization in 2 ms","logger_name":"org.springframework.web.servlet.DispatcherServlet","thread_name":"http-nio-8080-exec-1","level":"INFO","level_value":20000,"tags":["COMMONS-LOGGING"]}
{"@timestamp":"2026-06-19T14:36:52.933919245Z","@version":"1","message":"Commencing graceful shutdown. Waiting for active requests to complete","logger_name":"org.springframework.boot.tomcat.GracefulShutdown","thread_name":"SpringApplicationShutdownHook","level":"INFO","level_value":20000,"tags":["COMMONS-LOGGING"]}
{"@timestamp":"2026-06-19T14:36:52.949598354Z","@version":"1","message":"Graceful shutdown complete","logger_name":"org.springframework.boot.tomcat.GracefulShutdown","thread_name":"tomcat-shutdown","level":"INFO","level_value":20000,"tags":["COMMONS-LOGGING"]}
{"@timestamp":"2026-06-19T14:39:43.602428208Z","@version":"1","message":"Starting SubcripcionesApplication v0.0.1-SNAPSHOT using Java 21.0.11 with PID 1 (/app/app.jar started by root in /app)","logger_name":"com.subscripciones.subcripciones.SubcripcionesApplication","thread_name":"main","level":"INFO","level_value":20000,"tags":["COMMONS-LOGGING"]}
{"@timestamp":"2026-06-19T14:39:43.634899929Z","@version":"1","message":"No active profile set, falling back to 1 default profile: \"default\"","logger_name":"com.subscripciones.subcripciones.SubcripcionesApplication","thread_name":"main","level":"INFO","level_value":20000,"tags":["COMMONS-LOGGING"]}
{"@timestamp":"2026-06-19T14:39:46.54431532Z","@version":"1","message":"Tomcat initialized with port 8080 (http)","logger_name":"org.springframework.boot.tomcat.TomcatWebServer","thread_name":"main","level":"INFO","level_value":20000,"tags":["COMMONS-LOGGING"]}
{"@timestamp":"2026-06-19T14:39:46.573444675Z","@version":"1","message":"Initializing ProtocolHandler [\"http-nio-8080\"]","logger_name":"org.apache.coyote.http11.Http11NioProtocol","thread_name":"main","level":"INFO","level_value":20000}
{"@timestamp":"2026-06-19T14:39:46.580525352Z","@version":"1","message":"Starting service [Tomcat]","logger_name":"org.apache.catalina.core.StandardService","thread_name":"main","level":"INFO","level_value":20000}
{"@timestamp":"2026-06-19T14:39:46.581597005Z","@version":"1","message":"Starting Servlet engine: [Apache Tomcat/11.0.18]","logger_name":"org.apache.catalina.core.StandardEngine","thread_name":"main","level":"INFO","level_value":20000}
{"@timestamp":"2026-06-19T14:39:46.655551615Z","@version":"1","message":"Root WebApplicationContext: initialization completed in 2874 ms","logger_name":"org.springframework.boot.web.context.servlet.WebApplicationContextInitializer","thread_name":"main","level":"INFO","level_value":20000,"tags":["COMMONS-LOGGING"]}
{"@timestamp":"2026-06-19T14:39:48.129361839Z","@version":"1","message":"Exposing 1 endpoint beneath base path '/actuator'","logger_name":"org.springframework.boot.actuate.endpoint.web.EndpointLinksResolver","thread_name":"main","level":"INFO","level_value":20000,"tags":["COMMONS-LOGGING"]}
{"@timestamp":"2026-06-19T14:39:48.23718613Z","@version":"1","message":"Starting ProtocolHandler [\"http-nio-8080\"]","logger_name":"org.apache.coyote.http11.Http11NioProtocol","thread_name":"main","level":"INFO","level_value":20000}
{"@timestamp":"2026-06-19T14:39:48.297962282Z","@version":"1","message":"Tomcat started on port 8080 (http) with context path '/'","logger_name":"org.springframework.boot.tomcat.TomcatWebServer","thread_name":"main","level":"INFO","level_value":20000,"tags":["COMMONS-LOGGING"]}
{"@timestamp":"2026-06-19T14:39:48.312899453Z","@version":"1","message":"Started SubcripcionesApplication in 6.822 seconds (process running for 8.856)","logger_name":"com.subscripciones.subcripciones.SubcripcionesApplication","thread_name":"main","level":"INFO","level_value":20000,"tags":["COMMONS-LOGGING"]}
{"@timestamp":"2026-06-19T14:40:01.488761447Z","@version":"1","message":"Initializing Spring DispatcherServlet 'dispatcherServlet'","logger_name":"org.apache.catalina.core.ContainerBase.[Tomcat].[localhost].[/]","thread_name":"http-nio-8080-exec-1","level":"INFO","level_value":20000}
{"@timestamp":"2026-06-19T14:40:01.489838771Z","@version":"1","message":"Initializing Servlet 'dispatcherServlet'","logger_name":"org.springframework.web.servlet.DispatcherServlet","thread_name":"http-nio-8080-exec-1","level":"INFO","level_value":20000,"tags":["COMMONS-LOGGING"]}
{"@timestamp":"2026-06-19T14:40:01.496047803Z","@version":"1","message":"Completed initialization in 2 ms","logger_name":"org.springframework.web.servlet.DispatcherServlet","thread_name":"http-nio-8080-exec-1","level":"INFO","level_value":20000,"tags":["COMMONS-LOGGING"]}
{"@timestamp":"2026-06-19T14:47:58.61958723Z","@version":"1","message":"Commencing graceful shutdown. Waiting for active requests to complete","logger_name":"org.springframework.boot.tomcat.GracefulShutdown","thread_name":"SpringApplicationShutdownHook","level":"INFO","level_value":20000,"tags":["COMMONS-LOGGING"]}
{"@timestamp":"2026-06-19T14:47:58.638598502Z","@version":"1","message":"Graceful shutdown complete","logger_name":"org.springframework.boot.tomcat.GracefulShutdown","thread_name":"tomcat-shutdown","level":"INFO","level_value":20000,"tags":["COMMONS-LOGGING"]}
{"@timestamp":"2026-06-19T14:48:44.723439529Z","@version":"1","message":"Starting SubcripcionesApplication v0.0.1-SNAPSHOT using Java 21.0.11 with PID 1 (/app/app.jar started by root in /app)","logger_name":"com.subscripciones.subcripciones.SubcripcionesApplication","thread_name":"main","level":"INFO","level_value":20000,"tags":["COMMONS-LOGGING"]}
{"@timestamp":"2026-06-19T14:48:44.761433567Z","@version":"1","message":"No active profile set, falling back to 1 default profile: \"default\"","logger_name":"com.subscripciones.subcripciones.SubcripcionesApplication","thread_name":"main","level":"INFO","level_value":20000,"tags":["COMMONS-LOGGING"]}
{"@timestamp":"2026-06-19T14:48:46.970198031Z","@version":"1","message":"Tomcat initialized with port 8080 (http)","logger_name":"org.springframework.boot.tomcat.TomcatWebServer","thread_name":"main","level":"INFO","level_value":20000,"tags":["COMMONS-LOGGING"]}
{"@timestamp":"2026-06-19T14:48:46.99065913Z","@version":"1","message":"Initializing ProtocolHandler [\"http-nio-8080\"]","logger_name":"org.apache.coyote.http11.Http11NioProtocol","thread_name":"main","level":"INFO","level_value":20000}
{"@timestamp":"2026-06-19T14:48:46.994479228Z","@version":"1","message":"Starting service [Tomcat]","logger_name":"org.apache.catalina.core.StandardService","thread_name":"main","level":"INFO","level_value":20000}
{"@timestamp":"2026-06-19T14:48:46.996180434Z","@version":"1","message":"Starting Servlet engine: [Apache Tomcat/11.0.18]","logger_name":"org.apache.catalina.core.StandardEngine","thread_name":"main","level":"INFO","level_value":20000}
{"@timestamp":"2026-06-19T14:48:47.060164235Z","@version":"1","message":"Root WebApplicationContext: initialization completed in 2156 ms","logger_name":"org.springframework.boot.web.context.servlet.WebApplicationContextInitializer","thread_name":"main","level":"INFO","level_value":20000,"tags":["COMMONS-LOGGING"]}
{"@timestamp":"2026-06-19T14:48:48.532828358Z","@version":"1","message":"Exposing 3 endpoints beneath base path '/actuator'","logger_name":"org.springframework.boot.actuate.endpoint.web.EndpointLinksResolver","thread_name":"main","level":"INFO","level_value":20000,"tags":["COMMONS-LOGGING"]}
{"@timestamp":"2026-06-19T14:48:48.638693111Z","@version":"1","message":"Starting ProtocolHandler [\"http-nio-8080\"]","logger_name":"org.apache.coyote.http11.Http11NioProtocol","thread_name":"main","level":"INFO","level_value":20000}
{"@timestamp":"2026-06-19T14:48:48.67451335Z","@version":"1","message":"Tomcat started on port 8080 (http) with context path '/'","logger_name":"org.springframework.boot.tomcat.TomcatWebServer","thread_name":"main","level":"INFO","level_value":20000,"tags":["COMMONS-LOGGING"]}
{"@timestamp":"2026-06-19T14:48:48.699030525Z","@version":"1","message":"Started SubcripcionesApplication in 6.022 seconds (process running for 7.774)","logger_name":"com.subscripciones.subcripciones.SubcripcionesApplication","thread_name":"main","level":"INFO","level_value":20000,"tags":["COMMONS-LOGGING"]}
{"@timestamp":"2026-06-19T14:48:57.787197412Z","@version":"1","message":"Initializing Spring DispatcherServlet 'dispatcherServlet'","logger_name":"org.apache.catalina.core.ContainerBase.[Tomcat].[localhost].[/]","thread_name":"http-nio-8080-exec-1","level":"INFO","level_value":20000}
{"@timestamp":"2026-06-19T14:48:57.788084129Z","@version":"1","message":"Initializing Servlet 'dispatcherServlet'","logger_name":"org.springframework.web.servlet.DispatcherServlet","thread_name":"http-nio-8080-exec-1","level":"INFO","level_value":20000,"tags":["COMMONS-LOGGING"]}
{"@timestamp":"2026-06-19T14:48:57.791472483Z","@version":"1","message":"Completed initialization in 3 ms","logger_name":"org.springframework.web.servlet.DispatcherServlet","thread_name":"http-nio-8080-exec-1","level":"INFO","level_value":20000,"tags":["COMMONS-LOGGING"]}
{"@timestamp":"2026-06-19T14:57:08.427370347Z","@version":"1","message":"Commencing graceful shutdown. Waiting for active requests to complete","logger_name":"org.springframework.boot.tomcat.GracefulShutdown","thread_name":"SpringApplicationShutdownHook","level":"INFO","level_value":20000,"tags":["COMMONS-LOGGING"]}
{"@timestamp":"2026-06-19T14:57:08.450751203Z","@version":"1","message":"Graceful shutdown complete","logger_name":"org.springframework.boot.tomcat.GracefulShutdown","thread_name":"tomcat-shutdown","level":"INFO","level_value":20000,"tags":["COMMONS-LOGGING"]}
