{"@timestamp":"2026-06-25T18:10:27.212471032Z","@version":"1","message":"Starting SubcripcionesApplication v0.0.1-SNAPSHOT using Java 21.0.11 with PID 1 (/app/app.jar started by root in /app)","logger_name":"com.subscripciones.subcripciones.SubcripcionesApplication","thread_name":"main","level":"INFO","level_value":20000,"tags":["COMMONS-LOGGING"]}
{"@timestamp":"2026-06-25T18:10:27.318011306Z","@version":"1","message":"No active profile set, falling back to 1 default profile: \"default\"","logger_name":"com.subscripciones.subcripciones.SubcripcionesApplication","thread_name":"main","level":"INFO","level_value":20000,"tags":["COMMONS-LOGGING"]}
{"@timestamp":"2026-06-25T18:10:30.451167619Z","@version":"1","message":"Tomcat initialized with port 8080 (http)","logger_name":"org.springframework.boot.tomcat.TomcatWebServer","thread_name":"main","level":"INFO","level_value":20000,"tags":["COMMONS-LOGGING"]}
{"@timestamp":"2026-06-25T18:10:30.485275053Z","@version":"1","message":"Initializing ProtocolHandler [\"http-nio-8080\"]","logger_name":"org.apache.coyote.http11.Http11NioProtocol","thread_name":"main","level":"INFO","level_value":20000}
{"@timestamp":"2026-06-25T18:10:30.49125546Z","@version":"1","message":"Starting service [Tomcat]","logger_name":"org.apache.catalina.core.StandardService","thread_name":"main","level":"INFO","level_value":20000}
{"@timestamp":"2026-06-25T18:10:30.492294562Z","@version":"1","message":"Starting Servlet engine: [Apache Tomcat/11.0.18]","logger_name":"org.apache.catalina.core.StandardEngine","thread_name":"main","level":"INFO","level_value":20000}
{"@timestamp":"2026-06-25T18:10:30.591104086Z","@version":"1","message":"Root WebApplicationContext: initialization completed in 3062 ms","logger_name":"org.springframework.boot.web.context.servlet.WebApplicationContextInitializer","thread_name":"main","level":"INFO","level_value":20000,"tags":["COMMONS-LOGGING"]}
{"@timestamp":"2026-06-25T18:10:32.952082742Z","@version":"1","message":"Exposing 3 endpoints beneath base path '/actuator'","logger_name":"org.springframework.boot.actuate.endpoint.web.EndpointLinksResolver","thread_name":"main","level":"INFO","level_value":20000,"tags":["COMMONS-LOGGING"]}
{"@timestamp":"2026-06-25T18:10:33.152085868Z","@version":"1","message":"Starting ProtocolHandler [\"http-nio-8080\"]","logger_name":"org.apache.coyote.http11.Http11NioProtocol","thread_name":"main","level":"INFO","level_value":20000}
{"@timestamp":"2026-06-25T18:10:33.309949671Z","@version":"1","message":"Tomcat started on port 8080 (http) with context path '/'","logger_name":"org.springframework.boot.tomcat.TomcatWebServer","thread_name":"main","level":"INFO","level_value":20000,"tags":["COMMONS-LOGGING"]}
{"@timestamp":"2026-06-25T18:10:33.337305587Z","@version":"1","message":"Started SubcripcionesApplication in 8.629 seconds (process running for 11.604)","logger_name":"com.subscripciones.subcripciones.SubcripcionesApplication","thread_name":"main","level":"INFO","level_value":20000,"tags":["COMMONS-LOGGING"]}
{"@timestamp":"2026-06-25T18:10:51.886999186Z","@version":"1","message":"Initializing Spring DispatcherServlet 'dispatcherServlet'","logger_name":"org.apache.catalina.core.ContainerBase.[Tomcat].[localhost].[/]","thread_name":"http-nio-8080-exec-1","level":"INFO","level_value":20000}
{"@timestamp":"2026-06-25T18:10:51.888212961Z","@version":"1","message":"Initializing Servlet 'dispatcherServlet'","logger_name":"org.springframework.web.servlet.DispatcherServlet","thread_name":"http-nio-8080-exec-1","level":"INFO","level_value":20000,"tags":["COMMONS-LOGGING"]}
{"@timestamp":"2026-06-25T18:10:51.893915686Z","@version":"1","message":"Completed initialization in 5 ms","logger_name":"org.springframework.web.servlet.DispatcherServlet","thread_name":"http-nio-8080-exec-1","level":"INFO","level_value":20000,"tags":["COMMONS-LOGGING"]}
{"@timestamp":"2026-06-25T18:46:30.090597277Z","@version":"1","message":"Commencing graceful shutdown. Waiting for active requests to complete","logger_name":"org.springframework.boot.tomcat.GracefulShutdown","thread_name":"SpringApplicationShutdownHook","level":"INFO","level_value":20000,"tags":["COMMONS-LOGGING"]}
{"@timestamp":"2026-06-25T18:46:30.118957667Z","@version":"1","message":"Graceful shutdown complete","logger_name":"org.springframework.boot.tomcat.GracefulShutdown","thread_name":"tomcat-shutdown","level":"INFO","level_value":20000,"tags":["COMMONS-LOGGING"]}
{"@timestamp":"2026-06-25T18:47:30.128644585Z","@version":"1","message":"Starting SubcripcionesApplication v0.0.1-SNAPSHOT using Java 21.0.11 with PID 1 (/app/app.jar started by root in /app)","logger_name":"com.subscripciones.subcripciones.SubcripcionesApplication","thread_name":"main","level":"INFO","level_value":20000,"tags":["COMMONS-LOGGING"]}
{"@timestamp":"2026-06-25T18:47:30.159179474Z","@version":"1","message":"No active profile set, falling back to 1 default profile: \"default\"","logger_name":"com.subscripciones.subcripciones.SubcripcionesApplication","thread_name":"main","level":"INFO","level_value":20000,"tags":["COMMONS-LOGGING"]}
{"@timestamp":"2026-06-25T18:47:32.299135583Z","@version":"1","message":"Tomcat initialized with port 8080 (http)","logger_name":"org.springframework.boot.tomcat.TomcatWebServer","thread_name":"main","level":"INFO","level_value":20000,"tags":["COMMONS-LOGGING"]}
{"@timestamp":"2026-06-25T18:47:32.331490628Z","@version":"1","message":"Initializing ProtocolHandler [\"http-nio-8080\"]","logger_name":"org.apache.coyote.http11.Http11NioProtocol","thread_name":"main","level":"INFO","level_value":20000}
{"@timestamp":"2026-06-25T18:47:32.336930688Z","@version":"1","message":"Starting service [Tomcat]","logger_name":"org.apache.catalina.core.StandardService","thread_name":"main","level":"INFO","level_value":20000}
{"@timestamp":"2026-06-25T18:47:32.338089405Z","@version":"1","message":"Starting Servlet engine: [Apache Tomcat/11.0.18]","logger_name":"org.apache.catalina.core.StandardEngine","thread_name":"main","level":"INFO","level_value":20000}
{"@timestamp":"2026-06-25T18:47:32.39744826Z","@version":"1","message":"Root WebApplicationContext: initialization completed in 2078 ms","logger_name":"org.springframework.boot.web.context.servlet.WebApplicationContextInitializer","thread_name":"main","level":"INFO","level_value":20000,"tags":["COMMONS-LOGGING"]}
{"@timestamp":"2026-06-25T18:47:34.00841557Z","@version":"1","message":"Exposing 3 endpoints beneath base path '/actuator'","logger_name":"org.springframework.boot.actuate.endpoint.web.EndpointLinksResolver","thread_name":"main","level":"INFO","level_value":20000,"tags":["COMMONS-LOGGING"]}
{"@timestamp":"2026-06-25T18:47:34.13978996Z","@version":"1","message":"Starting ProtocolHandler [\"http-nio-8080\"]","logger_name":"org.apache.coyote.http11.Http11NioProtocol","thread_name":"main","level":"INFO","level_value":20000}
{"@timestamp":"2026-06-25T18:47:34.179168954Z","@version":"1","message":"Tomcat started on port 8080 (http) with context path '/'","logger_name":"org.springframework.boot.tomcat.TomcatWebServer","thread_name":"main","level":"INFO","level_value":20000,"tags":["COMMONS-LOGGING"]}
{"@timestamp":"2026-06-25T18:47:34.194380253Z","@version":"1","message":"Started SubcripcionesApplication in 5.693 seconds (process running for 7.011)","logger_name":"com.subscripciones.subcripciones.SubcripcionesApplication","thread_name":"main","level":"INFO","level_value":20000,"tags":["COMMONS-LOGGING"]}
{"@timestamp":"2026-06-25T18:47:36.11658283Z","@version":"1","message":"Initializing Spring DispatcherServlet 'dispatcherServlet'","logger_name":"org.apache.catalina.core.ContainerBase.[Tomcat].[localhost].[/]","thread_name":"tomcat-handler-0","level":"INFO","level_value":20000}
{"@timestamp":"2026-06-25T18:47:36.117508016Z","@version":"1","message":"Initializing Servlet 'dispatcherServlet'","logger_name":"org.springframework.web.servlet.DispatcherServlet","thread_name":"tomcat-handler-0","level":"INFO","level_value":20000,"tags":["COMMONS-LOGGING"]}
{"@timestamp":"2026-06-25T18:47:36.119494873Z","@version":"1","message":"Completed initialization in 1 ms","logger_name":"org.springframework.web.servlet.DispatcherServlet","thread_name":"tomcat-handler-0","level":"INFO","level_value":20000,"tags":["COMMONS-LOGGING"]}
{"@timestamp":"2026-06-25T20:39:19.217041876Z","@version":"1","message":"Commencing graceful shutdown. Waiting for active requests to complete","logger_name":"org.springframework.boot.tomcat.GracefulShutdown","thread_name":"SpringApplicationShutdownHook","level":"INFO","level_value":20000,"tags":["COMMONS-LOGGING"]}
{"@timestamp":"2026-06-25T20:39:19.283335866Z","@version":"1","message":"Graceful shutdown complete","logger_name":"org.springframework.boot.tomcat.GracefulShutdown","thread_name":"tomcat-shutdown","level":"INFO","level_value":20000,"tags":["COMMONS-LOGGING"]}
{"@timestamp":"2026-06-25T20:41:01.343401737Z","@version":"1","message":"Starting SubcripcionesApplication v0.0.1-SNAPSHOT using Java 21.0.11 with PID 1 (/app/app.jar started by root in /app)","logger_name":"com.subscripciones.subcripciones.SubcripcionesApplication","thread_name":"main","level":"INFO","level_value":20000,"tags":["COMMONS-LOGGING"]}
{"@timestamp":"2026-06-25T20:41:01.369156989Z","@version":"1","message":"No active profile set, falling back to 1 default profile: \"default\"","logger_name":"com.subscripciones.subcripciones.SubcripcionesApplication","thread_name":"main","level":"INFO","level_value":20000,"tags":["COMMONS-LOGGING"]}
{"@timestamp":"2026-06-25T20:41:04.00970177Z","@version":"1","message":"Tomcat initialized with port 8080 (http)","logger_name":"org.springframework.boot.tomcat.TomcatWebServer","thread_name":"main","level":"INFO","level_value":20000,"tags":["COMMONS-LOGGING"]}
{"@timestamp":"2026-06-25T20:41:04.037393181Z","@version":"1","message":"Initializing ProtocolHandler [\"http-nio-8080\"]","logger_name":"org.apache.coyote.http11.Http11NioProtocol","thread_name":"main","level":"INFO","level_value":20000}
{"@timestamp":"2026-06-25T20:41:04.046011475Z","@version":"1","message":"Starting service [Tomcat]","logger_name":"org.apache.catalina.core.StandardService","thread_name":"main","level":"INFO","level_value":20000}
{"@timestamp":"2026-06-25T20:41:04.046969908Z","@version":"1","message":"Starting Servlet engine: [Apache Tomcat/11.0.18]","logger_name":"org.apache.catalina.core.StandardEngine","thread_name":"main","level":"INFO","level_value":20000}
{"@timestamp":"2026-06-25T20:41:04.126311083Z","@version":"1","message":"Root WebApplicationContext: initialization completed in 2638 ms","logger_name":"org.springframework.boot.web.context.servlet.WebApplicationContextInitializer","thread_name":"main","level":"INFO","level_value":20000,"tags":["COMMONS-LOGGING"]}
{"@timestamp":"2026-06-25T20:41:06.337871356Z","@version":"1","message":"Exposing 3 endpoints beneath base path '/actuator'","logger_name":"org.springframework.boot.actuate.endpoint.web.EndpointLinksResolver","thread_name":"main","level":"INFO","level_value":20000,"tags":["COMMONS-LOGGING"]}
{"@timestamp":"2026-06-25T20:41:06.528550797Z","@version":"1","message":"Starting ProtocolHandler [\"http-nio-8080\"]","logger_name":"org.apache.coyote.http11.Http11NioProtocol","thread_name":"main","level":"INFO","level_value":20000}
{"@timestamp":"2026-06-25T20:41:06.585779359Z","@version":"1","message":"Tomcat started on port 8080 (http) with context path '/'","logger_name":"org.springframework.boot.tomcat.TomcatWebServer","thread_name":"main","level":"INFO","level_value":20000,"tags":["COMMONS-LOGGING"]}
{"@timestamp":"2026-06-25T20:41:06.614237044Z","@version":"1","message":"Started SubcripcionesApplication in 7.695 seconds (process running for 10.478)","logger_name":"com.subscripciones.subcripciones.SubcripcionesApplication","thread_name":"main","level":"INFO","level_value":20000,"tags":["COMMONS-LOGGING"]}
{"@timestamp":"2026-06-25T20:41:26.3164389Z","@version":"1","message":"Initializing Spring DispatcherServlet 'dispatcherServlet'","logger_name":"org.apache.catalina.core.ContainerBase.[Tomcat].[localhost].[/]","thread_name":"tomcat-handler-0","level":"INFO","level_value":20000}
{"@timestamp":"2026-06-25T20:41:26.318465109Z","@version":"1","message":"Initializing Servlet 'dispatcherServlet'","logger_name":"org.springframework.web.servlet.DispatcherServlet","thread_name":"tomcat-handler-0","level":"INFO","level_value":20000,"tags":["COMMONS-LOGGING"]}
{"@timestamp":"2026-06-25T20:41:26.322410875Z","@version":"1","message":"Completed initialization in 3 ms","logger_name":"org.springframework.web.servlet.DispatcherServlet","thread_name":"tomcat-handler-0","level":"INFO","level_value":20000,"tags":["COMMONS-LOGGING"]}
{"@timestamp":"2026-06-25T21:03:35.434881951Z","@version":"1","message":"Commencing graceful shutdown. Waiting for active requests to complete","logger_name":"org.springframework.boot.tomcat.GracefulShutdown","thread_name":"SpringApplicationShutdownHook","level":"INFO","level_value":20000,"tags":["COMMONS-LOGGING"]}
{"@timestamp":"2026-06-25T21:03:35.452758626Z","@version":"1","message":"Graceful shutdown complete","logger_name":"org.springframework.boot.tomcat.GracefulShutdown","thread_name":"tomcat-shutdown","level":"INFO","level_value":20000,"tags":["COMMONS-LOGGING"]}
{"@timestamp":"2026-06-25T21:10:44.159020058Z","@version":"1","message":"Starting SubcripcionesApplication v0.0.1-SNAPSHOT using Java 21.0.11 with PID 1 (/app/app.jar started by root in /app)","logger_name":"com.subscripciones.subcripciones.SubcripcionesApplication","thread_name":"main","level":"INFO","level_value":20000,"tags":["COMMONS-LOGGING"]}
{"@timestamp":"2026-06-25T21:10:44.26463413Z","@version":"1","message":"No active profile set, falling back to 1 default profile: \"default\"","logger_name":"com.subscripciones.subcripciones.SubcripcionesApplication","thread_name":"main","level":"INFO","level_value":20000,"tags":["COMMONS-LOGGING"]}
{"@timestamp":"2026-06-25T21:10:46.673432001Z","@version":"1","message":"Tomcat initialized with port 8080 (http)","logger_name":"org.springframework.boot.tomcat.TomcatWebServer","thread_name":"main","level":"INFO","level_value":20000,"tags":["COMMONS-LOGGING"]}
{"@timestamp":"2026-06-25T21:10:46.699882666Z","@version":"1","message":"Initializing ProtocolHandler [\"http-nio-8080\"]","logger_name":"org.apache.coyote.http11.Http11NioProtocol","thread_name":"main","level":"INFO","level_value":20000}
{"@timestamp":"2026-06-25T21:10:46.706114708Z","@version":"1","message":"Starting service [Tomcat]","logger_name":"org.apache.catalina.core.StandardService","thread_name":"main","level":"INFO","level_value":20000}
{"@timestamp":"2026-06-25T21:10:46.706925046Z","@version":"1","message":"Starting Servlet engine: [Apache Tomcat/11.0.18]","logger_name":"org.apache.catalina.core.StandardEngine","thread_name":"main","level":"INFO","level_value":20000}
{"@timestamp":"2026-06-25T21:10:46.792820559Z","@version":"1","message":"Root WebApplicationContext: initialization completed in 2365 ms","logger_name":"org.springframework.boot.web.context.servlet.WebApplicationContextInitializer","thread_name":"main","level":"INFO","level_value":20000,"tags":["COMMONS-LOGGING"]}
{"@timestamp":"2026-06-25T21:10:48.315738741Z","@version":"1","message":"Exposing 3 endpoints beneath base path '/actuator'","logger_name":"org.springframework.boot.actuate.endpoint.web.EndpointLinksResolver","thread_name":"main","level":"INFO","level_value":20000,"tags":["COMMONS-LOGGING"]}
{"@timestamp":"2026-06-25T21:10:48.405653034Z","@version":"1","message":"Starting ProtocolHandler [\"http-nio-8080\"]","logger_name":"org.apache.coyote.http11.Http11NioProtocol","thread_name":"main","level":"INFO","level_value":20000}
{"@timestamp":"2026-06-25T21:10:48.443669151Z","@version":"1","message":"Tomcat started on port 8080 (http) with context path '/'","logger_name":"org.springframework.boot.tomcat.TomcatWebServer","thread_name":"main","level":"INFO","level_value":20000,"tags":["COMMONS-LOGGING"]}
{"@timestamp":"2026-06-25T21:10:48.457383638Z","@version":"1","message":"Started SubcripcionesApplication in 6.711 seconds (process running for 8.915)","logger_name":"com.subscripciones.subcripciones.SubcripcionesApplication","thread_name":"main","level":"INFO","level_value":20000,"tags":["COMMONS-LOGGING"]}
{"@timestamp":"2026-06-25T21:11:09.682556591Z","@version":"1","message":"Initializing Spring DispatcherServlet 'dispatcherServlet'","logger_name":"org.apache.catalina.core.ContainerBase.[Tomcat].[localhost].[/]","thread_name":"tomcat-handler-0","level":"INFO","level_value":20000}
{"@timestamp":"2026-06-25T21:11:09.68347699Z","@version":"1","message":"Initializing Servlet 'dispatcherServlet'","logger_name":"org.springframework.web.servlet.DispatcherServlet","thread_name":"tomcat-handler-0","level":"INFO","level_value":20000,"tags":["COMMONS-LOGGING"]}
{"@timestamp":"2026-06-25T21:11:09.685046063Z","@version":"1","message":"Completed initialization in 1 ms","logger_name":"org.springframework.web.servlet.DispatcherServlet","thread_name":"tomcat-handler-0","level":"INFO","level_value":20000,"tags":["COMMONS-LOGGING"]}
{"@timestamp":"2026-06-25T21:28:25.534623594Z","@version":"1","message":"Commencing graceful shutdown. Waiting for active requests to complete","logger_name":"org.springframework.boot.tomcat.GracefulShutdown","thread_name":"SpringApplicationShutdownHook","level":"INFO","level_value":20000,"tags":["COMMONS-LOGGING"]}
{"@timestamp":"2026-06-25T21:28:25.547954579Z","@version":"1","message":"Graceful shutdown complete","logger_name":"org.springframework.boot.tomcat.GracefulShutdown","thread_name":"tomcat-shutdown","level":"INFO","level_value":20000,"tags":["COMMONS-LOGGING"]}
